GROUP,PACKAGE,CLASS,INSTRUCTION_MISSED,INSTRUCTION_COVERED,BRANCH_MISSED,BRANCH_COVERED,LINE_MISSED,LINE_COVERED,COMPLEXITY_MISSED,COMPLEXITY_COVERED,METHOD_MISSED,METHOD_COVERED
Calendar,calendar,DateOutOfRangeException,7,0,0,0,4,0,2,0,2,0
Calendar,calendar,CalendarMain,420,0,24,0,89,0,14,0,2,0
Calendar,calendar,CalDay,202,0,18,0,53,0,24,0,15,0
Calendar,calendar,Appt,211,135,16,16,49,43,31,15,20,10
Calendar,calendar,CalendarUtil,5,86,1,9,2,11,2,7,1,3
Calendar,calendar,TimeTable,274,41,42,10,70,12,26,7,4,2
